<?xml version="1.0" encoding="UTF-8"?>
<testng-results skipped="0" failed="0" ignored="0" total="1" passed="1">
  <reporter-output>
  </reporter-output>
  <suite name="Default suite" duration-ms="2533" started-at="2020-02-28T19:09:27 CST" finished-at="2020-02-28T19:09:30 CST">
    <groups>
    </groups>
    <test name="Default test" duration-ms="2533" started-at="2020-02-28T19:09:27 CST" finished-at="2020-02-28T19:09:30 CST">
      <class name="com.YQN.RMS30.testfull">
        <test-method status="PASS" signature="update()[pri:0, instance:com.YQN.RMS30.testfull@64729b1e]" name="update" duration-ms="2483" started-at="2020-02-28T19:09:27 CST" finished-at="2020-02-28T19:09:30 CST">
          <reporter-output>
          </reporter-output>
        </test-method> <!-- update -->
      </class> <!-- com.YQN.RMS30.testfull -->
    </test> <!-- Default test -->
  </suite> <!-- Default suite -->
</testng-results>
